<?xml version="1.0" encoding="UTF-8"?>
<testng-results skipped="0" failed="0" ignored="0" total="1" passed="1">
  <reporter-output>
  </reporter-output>
  <suite name="Default suite" duration-ms="6563" started-at="2019-10-14T20:44:41 EDT" finished-at="2019-10-14T20:44:47 EDT">
    <groups>
    </groups>
    <test name="Default test" duration-ms="6563" started-at="2019-10-14T20:44:41 EDT" finished-at="2019-10-14T20:44:47 EDT">
      <class name="AllSelenium_codes.VerifyingTitle">
        <test-method status="PASS" signature="setup()[pri:0, instance:AllSelenium_codes.VerifyingTitle@3cef309d]" name="setup" is-config="true" duration-ms="4812" started-at="2019-10-14T20:44:41 EDT" finished-at="2019-10-14T20:44:46 EDT">
          <reporter-output>
          </reporter-output>
        </test-method> <!-- setup -->
        <test-method status="PASS" signature="gettitle()[pri:0, instance:AllSelenium_codes.VerifyingTitle@3cef309d]" name="gettitle" duration-ms="1717" started-at="2019-10-14T20:44:46 EDT" finished-at="2019-10-14T20:44:47 EDT">
          <reporter-output>
          </reporter-output>
        </test-method> <!-- gettitle -->
      </class> <!-- AllSelenium_codes.VerifyingTitle -->
    </test> <!-- Default test -->
  </suite> <!-- Default suite -->
</testng-results>
